  R:\ENG_Breuer_Shared\agehrke\MATLAB\2025_optimusPIV\cameraControl\PhotronCameraCtrl\SDKConfirmTool\..\PDCLIB\Dll\64bit(x64)\DAX.dll
  R:\ENG_Breuer_Shared\agehrke\MATLAB\2025_optimusPIV\cameraControl\PhotronCameraCtrl\SDKConfirmTool\..\PDCLIB\Dll\64bit(x64)\DAX100.dll
  R:\ENG_Breuer_Shared\agehrke\MATLAB\2025_optimusPIV\cameraControl\PhotronCameraCtrl\SDKConfirmTool\..\PDCLIB\Dll\64bit(x64)\DAX50.dll
  R:\ENG_Breuer_Shared\agehrke\MATLAB\2025_optimusPIV\cameraControl\PhotronCameraCtrl\SDKConfirmTool\..\PDCLIB\Dll\64bit(x64)\DCX.dll
  R:\ENG_Breuer_Shared\agehrke\MATLAB\2025_optimusPIV\cameraControl\PhotronCameraCtrl\SDKConfirmTool\..\PDCLIB\Dll\64bit(x64)\DHUB.dll
  R:\ENG_Breuer_Shared\agehrke\MATLAB\2025_optimusPIV\cameraControl\PhotronCameraCtrl\SDKConfirmTool\..\PDCLIB\Dll\64bit(x64)\DMC1.dll
  R:\ENG_Breuer_Shared\agehrke\MATLAB\2025_optimusPIV\cameraControl\PhotronCameraCtrl\SDKConfirmTool\..\PDCLIB\Dll\64bit(x64)\DMH4.dll
  R:\ENG_Breuer_Shared\agehrke\MATLAB\2025_optimusPIV\cameraControl\PhotronCameraCtrl\SDKConfirmTool\..\PDCLIB\Dll\64bit(x64)\DSA2.dll
  R:\ENG_Breuer_Shared\agehrke\MATLAB\2025_optimusPIV\cameraControl\PhotronCameraCtrl\SDKConfirmTool\..\PDCLIB\Dll\64bit(x64)\DSA3.dll
  R:\ENG_Breuer_Shared\agehrke\MATLAB\2025_optimusPIV\cameraControl\PhotronCameraCtrl\SDKConfirmTool\..\PDCLIB\Dll\64bit(x64)\DSA4.dll
  R:\ENG_Breuer_Shared\agehrke\MATLAB\2025_optimusPIV\cameraControl\PhotronCameraCtrl\SDKConfirmTool\..\PDCLIB\Dll\64bit(x64)\DSA5.dll
  R:\ENG_Breuer_Shared\agehrke\MATLAB\2025_optimusPIV\cameraControl\PhotronCameraCtrl\SDKConfirmTool\..\PDCLIB\Dll\64bit(x64)\DSA6.dll
  R:\ENG_Breuer_Shared\agehrke\MATLAB\2025_optimusPIV\cameraControl\PhotronCameraCtrl\SDKConfirmTool\..\PDCLIB\Dll\64bit(x64)\DSA7.dll
  R:\ENG_Breuer_Shared\agehrke\MATLAB\2025_optimusPIV\cameraControl\PhotronCameraCtrl\SDKConfirmTool\..\PDCLIB\Dll\64bit(x64)\DSA8.dll
  R:\ENG_Breuer_Shared\agehrke\MATLAB\2025_optimusPIV\cameraControl\PhotronCameraCtrl\SDKConfirmTool\..\PDCLIB\Dll\64bit(x64)\DSAX_B.dll
  R:\ENG_Breuer_Shared\agehrke\MATLAB\2025_optimusPIV\cameraControl\PhotronCameraCtrl\SDKConfirmTool\..\PDCLIB\Dll\64bit(x64)\DSAZ.dll
  R:\ENG_Breuer_Shared\agehrke\MATLAB\2025_optimusPIV\cameraControl\PhotronCameraCtrl\SDKConfirmTool\..\PDCLIB\Dll\64bit(x64)\DSA_1.dll
  R:\ENG_Breuer_Shared\agehrke\MATLAB\2025_optimusPIV\cameraControl\PhotronCameraCtrl\SDKConfirmTool\..\PDCLIB\Dll\64bit(x64)\DTX.dll
  R:\ENG_Breuer_Shared\agehrke\MATLAB\2025_optimusPIV\cameraControl\PhotronCameraCtrl\SDKConfirmTool\..\PDCLIB\Dll\64bit(x64)\DUX.dll
  R:\ENG_Breuer_Shared\agehrke\MATLAB\2025_optimusPIV\cameraControl\PhotronCameraCtrl\SDKConfirmTool\..\PDCLIB\Dll\64bit(x64)\DUX50.dll
  R:\ENG_Breuer_Shared\agehrke\MATLAB\2025_optimusPIV\cameraControl\PhotronCameraCtrl\SDKConfirmTool\..\PDCLIB\Dll\64bit(x64)\DWX.dll
  R:\ENG_Breuer_Shared\agehrke\MATLAB\2025_optimusPIV\cameraControl\PhotronCameraCtrl\SDKConfirmTool\..\PDCLIB\Dll\64bit(x64)\DWX50.dll
  R:\ENG_Breuer_Shared\agehrke\MATLAB\2025_optimusPIV\cameraControl\PhotronCameraCtrl\SDKConfirmTool\..\PDCLIB\Dll\64bit(x64)\FCFCTRL.dll
  R:\ENG_Breuer_Shared\agehrke\MATLAB\2025_optimusPIV\cameraControl\PhotronCameraCtrl\SDKConfirmTool\..\PDCLIB\Dll\64bit(x64)\FHSDLCTRL.dll
  R:\ENG_Breuer_Shared\agehrke\MATLAB\2025_optimusPIV\cameraControl\PhotronCameraCtrl\SDKConfirmTool\..\PDCLIB\Dll\64bit(x64)\FSDCTRL.dll
  R:\ENG_Breuer_Shared\agehrke\MATLAB\2025_optimusPIV\cameraControl\PhotronCameraCtrl\SDKConfirmTool\..\PDCLIB\Dll\64bit(x64)\GIGEV.dll
  R:\ENG_Breuer_Shared\agehrke\MATLAB\2025_optimusPIV\cameraControl\PhotronCameraCtrl\SDKConfirmTool\..\PDCLIB\Dll\64bit(x64)\IGETHER.dll
  R:\ENG_Breuer_Shared\agehrke\MATLAB\2025_optimusPIV\cameraControl\PhotronCameraCtrl\SDKConfirmTool\..\PDCLIB\Dll\64bit(x64)\IGIGEV.dll
  R:\ENG_Breuer_Shared\agehrke\MATLAB\2025_optimusPIV\cameraControl\PhotronCameraCtrl\SDKConfirmTool\..\PDCLIB\Dll\64bit(x64)\IUSB.dll
  R:\ENG_Breuer_Shared\agehrke\MATLAB\2025_optimusPIV\cameraControl\PhotronCameraCtrl\SDKConfirmTool\..\PDCLIB\Dll\64bit(x64)\LPDCLIB.dll
  R:\ENG_Breuer_Shared\agehrke\MATLAB\2025_optimusPIV\cameraControl\PhotronCameraCtrl\SDKConfirmTool\..\PDCLIB\Dll\64bit(x64)\PDCLIB.dll
  R:\ENG_Breuer_Shared\agehrke\MATLAB\2025_optimusPIV\cameraControl\PhotronCameraCtrl\SDKConfirmTool\..\PDCLIB\Dll\64bit(x64)\PICCLIB.dll
  R:\ENG_Breuer_Shared\agehrke\MATLAB\2025_optimusPIV\cameraControl\PhotronCameraCtrl\SDKConfirmTool\..\PDCLIB\Dll\64bit(x64)\PIULIB.dll
  R:\ENG_Breuer_Shared\agehrke\MATLAB\2025_optimusPIV\cameraControl\PhotronCameraCtrl\SDKConfirmTool\..\PDCLIB\Dll\64bit(x64)\SDKLight.dll
  34 File(s) copied
  SDKConfirmTool.cpp
R:\ENG_Breuer_Shared\agehrke\MATLAB\2025_optimusPIV\cameraControl\PhotronCameraCtrl\SDKConfirmTool\SDKConfirmTool\SDKConfirmTool.cpp(7,9): warning C4603: 'PDC_API': macro is not defined or definition is different after precompiled header use
  (compiling source file '/SDKConfirmTool.cpp')
      R:\ENG_Breuer_Shared\agehrke\MATLAB\2025_optimusPIV\cameraControl\PhotronCameraCtrl\SDKConfirmTool\SDKConfirmTool\SDKConfirmTool.cpp(7,9):
      Add macro to precompiled header instead of defining here
      R:\ENG_Breuer_Shared\agehrke\MATLAB\2025_optimusPIV\cameraControl\PhotronCameraCtrl\SDKConfirmTool\SDKConfirmTool\SDKConfirmTool.cpp(9,1):
      use of precompiled header
  
R:\ENG_Breuer_Shared\agehrke\MATLAB\2025_optimusPIV\cameraControl\PhotronCameraCtrl\PDCLIB\Include\PDCSTR.h(114,25): warning C4121: '<unnamed-tag>': alignment of a member was sensitive to packing
  (compiling source file '/SDKConfirmTool.cpp')
  
R:\ENG_Breuer_Shared\agehrke\MATLAB\2025_optimusPIV\cameraControl\PhotronCameraCtrl\SDKConfirmTool\SDKConfirmTool\SDKConfirmTool.cpp(124,27): warning C4996: 'localtime': This function or variable may be unsafe. Consider using localtime_s instead. To disable deprecation, use _CRT_SECURE_NO_WARNINGS. See online help for details.
  (compiling source file '/SDKConfirmTool.cpp')
  
R:\ENG_Breuer_Shared\agehrke\MATLAB\2025_optimusPIV\cameraControl\PhotronCameraCtrl\SDKConfirmTool\SDKConfirmTool\SDKConfirmTool.cpp(130,28): warning C4996: 'std::codecvt_utf8_utf16<wchar_t,1114111,(std::codecvt_mode)0>': warning STL4017: std::wbuffer_convert, std::wstring_convert, and the <codecvt> header (containing std::codecvt_mode, std::codecvt_utf8, std::codecvt_utf16, and std::codecvt_utf8_utf16) are deprecated in C++17. (The std::codecvt class template is NOT deprecated.) The C++ Standard doesn't provide equivalent non-deprecated functionality; consider using MultiByteToWideChar() and WideCharToMultiByte() from <Windows.h> instead. You can define _SILENCE_CXX17_CODECVT_HEADER_DEPRECATION_WARNING or _SILENCE_ALL_CXX17_DEPRECATION_WARNINGS to suppress this warning.
  (compiling source file '/SDKConfirmTool.cpp')
      C:\Program Files\Microsoft Visual Studio\2022\Community\VC\Tools\MSVC\14.43.34808\include\codecvt(442,39):
      see declaration of 'std::codecvt_utf8_utf16'
  
R:\ENG_Breuer_Shared\agehrke\MATLAB\2025_optimusPIV\cameraControl\PhotronCameraCtrl\SDKConfirmTool\SDKConfirmTool\SDKConfirmTool.cpp(130,7): warning C4996: 'std::wstring_convert<std::codecvt_utf8_utf16<wchar_t,1114111,(std::codecvt_mode)0>,wchar_t,std::allocator<wchar_t>,std::allocator<char>>': warning STL4017: std::wbuffer_convert, std::wstring_convert, and the <codecvt> header (containing std::codecvt_mode, std::codecvt_utf8, std::codecvt_utf16, and std::codecvt_utf8_utf16) are deprecated in C++17. (The std::codecvt class template is NOT deprecated.) The C++ Standard doesn't provide equivalent non-deprecated functionality; consider using MultiByteToWideChar() and WideCharToMultiByte() from <Windows.h> instead. You can define _SILENCE_CXX17_CODECVT_HEADER_DEPRECATION_WARNING or _SILENCE_ALL_CXX17_DEPRECATION_WARNINGS to suppress this warning.
  (compiling source file '/SDKConfirmTool.cpp')
      C:\Program Files\Microsoft Visual Studio\2022\Community\VC\Tools\MSVC\14.43.34808\include\xlocbuf(303,39):
      see declaration of 'std::wstring_convert'
  
R:\ENG_Breuer_Shared\agehrke\MATLAB\2025_optimusPIV\cameraControl\PhotronCameraCtrl\SDKConfirmTool\SDKConfirmTool\SDKConfirmTool.cpp(130,57): warning C4996: 'std::wstring_convert<std::codecvt_utf8_utf16<wchar_t,1114111,(std::codecvt_mode)0>,wchar_t,std::allocator<wchar_t>,std::allocator<char>>::wstring_convert': warning STL4017: std::wbuffer_convert, std::wstring_convert, and the <codecvt> header (containing std::codecvt_mode, std::codecvt_utf8, std::codecvt_utf16, and std::codecvt_utf8_utf16) are deprecated in C++17. (The std::codecvt class template is NOT deprecated.) The C++ Standard doesn't provide equivalent non-deprecated functionality; consider using MultiByteToWideChar() and WideCharToMultiByte() from <Windows.h> instead. You can define _SILENCE_CXX17_CODECVT_HEADER_DEPRECATION_WARNING or _SILENCE_ALL_CXX17_DEPRECATION_WARNINGS to suppress this warning.
  (compiling source file '/SDKConfirmTool.cpp')
  
R:\ENG_Breuer_Shared\agehrke\MATLAB\2025_optimusPIV\cameraControl\PhotronCameraCtrl\SDKConfirmTool\SDKConfirmTool\SDKConfirmTool.cpp(131,19): warning C4996: 'std::wstring_convert<std::codecvt_utf8_utf16<wchar_t,1114111,(std::codecvt_mode)0>,wchar_t,std::allocator<wchar_t>,std::allocator<char>>::from_bytes': warning STL4017: std::wbuffer_convert, std::wstring_convert, and the <codecvt> header (containing std::codecvt_mode, std::codecvt_utf8, std::codecvt_utf16, and std::codecvt_utf8_utf16) are deprecated in C++17. (The std::codecvt class template is NOT deprecated.) The C++ Standard doesn't provide equivalent non-deprecated functionality; consider using MultiByteToWideChar() and WideCharToMultiByte() from <Windows.h> instead. You can define _SILENCE_CXX17_CODECVT_HEADER_DEPRECATION_WARNING or _SILENCE_ALL_CXX17_DEPRECATION_WARNINGS to suppress this warning.
  (compiling source file '/SDKConfirmTool.cpp')
  
R:\ENG_Breuer_Shared\agehrke\MATLAB\2025_optimusPIV\cameraControl\PhotronCameraCtrl\SDKConfirmTool\SDKConfirmTool\SDKConfirmTool.cpp(135,5): warning C4007: 'wmain': must be '__cdecl'
  (compiling source file '/SDKConfirmTool.cpp')
  
R:\ENG_Breuer_Shared\agehrke\MATLAB\2025_optimusPIV\cameraControl\PhotronCameraCtrl\SDKConfirmTool\SDKConfirmTool\SDKConfirmTool.cpp(273,30): warning C4244: 'initializing': conversion from 'double' to 'unsigned long', possible loss of data
  (compiling source file '/SDKConfirmTool.cpp')
  
R:\ENG_Breuer_Shared\agehrke\MATLAB\2025_optimusPIV\cameraControl\PhotronCameraCtrl\SDKConfirmTool\SDKConfirmTool\SDKConfirmTool.cpp(358,56): warning C4018: '>': signed/unsigned mismatch
  (compiling source file '/SDKConfirmTool.cpp')
  
R:\ENG_Breuer_Shared\agehrke\MATLAB\2025_optimusPIV\cameraControl\PhotronCameraCtrl\SDKConfirmTool\SDKConfirmTool\SDKConfirmTool.cpp(402,2): warning C4996: 'sprintf': This function or variable may be unsafe. Consider using sprintf_s instead. To disable deprecation, use _CRT_SECURE_NO_WARNINGS. See online help for details.
  (compiling source file '/SDKConfirmTool.cpp')
  
R:\ENG_Breuer_Shared\agehrke\MATLAB\2025_optimusPIV\cameraControl\PhotronCameraCtrl\SDKConfirmTool\SDKConfirmTool\SDKConfirmTool.cpp(388,16): warning C4101: 'nStatus': unreferenced local variable
  (compiling source file '/SDKConfirmTool.cpp')
  
R:\ENG_Breuer_Shared\agehrke\MATLAB\2025_optimusPIV\cameraControl\PhotronCameraCtrl\SDKConfirmTool\SDKConfirmTool\SDKConfirmTool.cpp(595,16): warning C4189: 'nChildNo': local variable is initialized but not referenced
  (compiling source file '/SDKConfirmTool.cpp')
  
R:\ENG_Breuer_Shared\agehrke\MATLAB\2025_optimusPIV\cameraControl\PhotronCameraCtrl\SDKConfirmTool\SDKConfirmTool\SDKConfirmTool.cpp(553,13): warning C4505: 'SpliString': unreferenced function with internal linkage has been removed
  (compiling source file '/SDKConfirmTool.cpp')
  
R:\ENG_Breuer_Shared\agehrke\MATLAB\2025_optimusPIV\cameraControl\PhotronCameraCtrl\SDKConfirmTool\SDKConfirmTool\SDKConfirmTool.cpp(573,13): warning C4505: 'IsNumber': unreferenced function with internal linkage has been removed
  (compiling source file '/SDKConfirmTool.cpp')
  
  Searching libraries
      Searching R:\ENG_Breuer_Shared\agehrke\MATLAB\2025_optimusPIV\cameraControl\PhotronCameraCtrl\SDKConfirmTool\..\PDCLIB\Lib\32bit(x86)\PDCLIB.lib:
      Searching C:\Program Files (x86)\Windows Kits\10\lib\10.0.22621.0\um\x86\kernel32.lib:
      Searching C:\Program Files (x86)\Windows Kits\10\lib\10.0.22621.0\um\x86\user32.lib:
      Searching C:\Program Files (x86)\Windows Kits\10\lib\10.0.22621.0\um\x86\gdi32.lib:
      Searching C:\Program Files (x86)\Windows Kits\10\lib\10.0.22621.0\um\x86\winspool.lib:
      Searching C:\Program Files (x86)\Windows Kits\10\lib\10.0.22621.0\um\x86\comdlg32.lib:
      Searching C:\Program Files (x86)\Windows Kits\10\lib\10.0.22621.0\um\x86\advapi32.lib:
      Searching C:\Program Files (x86)\Windows Kits\10\lib\10.0.22621.0\um\x86\shell32.lib:
      Searching C:\Program Files (x86)\Windows Kits\10\lib\10.0.22621.0\um\x86\ole32.lib:
      Searching C:\Program Files (x86)\Windows Kits\10\lib\10.0.22621.0\um\x86\oleaut32.lib:
      Searching C:\Program Files (x86)\Windows Kits\10\lib\10.0.22621.0\um\x86\uuid.lib:
      Searching C:\Program Files (x86)\Windows Kits\10\lib\10.0.22621.0\um\x86\odbc32.lib:
      Searching C:\Program Files (x86)\Windows Kits\10\lib\10.0.22621.0\um\x86\odbccp32.lib:
      Searching C:\Program Files\Microsoft Visual Studio\2022\Community\VC\Tools\MSVC\14.43.34808\lib\x86\msvcprt.lib:
      Searching C:\Program Files\Microsoft Visual Studio\2022\Community\VC\Tools\MSVC\14.43.34808\lib\x86\MSVCRT.lib:
      Searching C:\Program Files\Microsoft Visual Studio\2022\Community\VC\Tools\MSVC\14.43.34808\lib\x86\OLDNAMES.lib:
      Searching C:\Program Files\Microsoft Visual Studio\2022\Community\VC\Tools\MSVC\14.43.34808\lib\x86\vcruntime.lib:
      Searching C:\Program Files (x86)\Windows Kits\10\lib\10.0.22621.0\ucrt\x86\ucrt.lib:
      Searching R:\ENG_Breuer_Shared\agehrke\MATLAB\2025_optimusPIV\cameraControl\PhotronCameraCtrl\SDKConfirmTool\..\PDCLIB\Lib\32bit(x86)\PDCLIB.lib:
      Searching C:\Program Files (x86)\Windows Kits\10\lib\10.0.22621.0\um\x86\kernel32.lib:
      Searching C:\Program Files (x86)\Windows Kits\10\lib\10.0.22621.0\um\x86\user32.lib:
      Searching C:\Program Files (x86)\Windows Kits\10\lib\10.0.22621.0\um\x86\gdi32.lib:
      Searching C:\Program Files (x86)\Windows Kits\10\lib\10.0.22621.0\um\x86\winspool.lib:
      Searching C:\Program Files (x86)\Windows Kits\10\lib\10.0.22621.0\um\x86\comdlg32.lib:
      Searching C:\Program Files (x86)\Windows Kits\10\lib\10.0.22621.0\um\x86\advapi32.lib:
      Searching C:\Program Files (x86)\Windows Kits\10\lib\10.0.22621.0\um\x86\shell32.lib:
      Searching C:\Program Files (x86)\Windows Kits\10\lib\10.0.22621.0\um\x86\ole32.lib:
      Searching C:\Program Files (x86)\Windows Kits\10\lib\10.0.22621.0\um\x86\oleaut32.lib:
      Searching C:\Program Files (x86)\Windows Kits\10\lib\10.0.22621.0\um\x86\uuid.lib:
      Searching C:\Program Files (x86)\Windows Kits\10\lib\10.0.22621.0\um\x86\odbc32.lib:
      Searching C:\Program Files (x86)\Windows Kits\10\lib\10.0.22621.0\um\x86\odbccp32.lib:
      Searching C:\Program Files\Microsoft Visual Studio\2022\Community\VC\Tools\MSVC\14.43.34808\lib\x86\msvcprt.lib:
      Searching C:\Program Files\Microsoft Visual Studio\2022\Community\VC\Tools\MSVC\14.43.34808\lib\x86\MSVCRT.lib:
      Searching C:\Program Files\Microsoft Visual Studio\2022\Community\VC\Tools\MSVC\14.43.34808\lib\x86\OLDNAMES.lib:
      Searching C:\Program Files\Microsoft Visual Studio\2022\Community\VC\Tools\MSVC\14.43.34808\lib\x86\vcruntime.lib:
      Searching C:\Program Files (x86)\Windows Kits\10\lib\10.0.22621.0\ucrt\x86\ucrt.lib:
      Searching R:\ENG_Breuer_Shared\agehrke\MATLAB\2025_optimusPIV\cameraControl\PhotronCameraCtrl\SDKConfirmTool\..\PDCLIB\Lib\32bit(x86)\PDCLIB.lib:
  Finished searching libraries
  Searching libraries
      Searching R:\ENG_Breuer_Shared\agehrke\MATLAB\2025_optimusPIV\cameraControl\PhotronCameraCtrl\SDKConfirmTool\..\PDCLIB\Lib\32bit(x86)\PDCLIB.lib:
      Searching C:\Program Files (x86)\Windows Kits\10\lib\10.0.22621.0\um\x86\kernel32.lib:
      Searching C:\Program Files (x86)\Windows Kits\10\lib\10.0.22621.0\um\x86\user32.lib:
      Searching C:\Program Files (x86)\Windows Kits\10\lib\10.0.22621.0\um\x86\gdi32.lib:
      Searching C:\Program Files (x86)\Windows Kits\10\lib\10.0.22621.0\um\x86\winspool.lib:
      Searching C:\Program Files (x86)\Windows Kits\10\lib\10.0.22621.0\um\x86\comdlg32.lib:
      Searching C:\Program Files (x86)\Windows Kits\10\lib\10.0.22621.0\um\x86\advapi32.lib:
      Searching C:\Program Files (x86)\Windows Kits\10\lib\10.0.22621.0\um\x86\shell32.lib:
      Searching C:\Program Files (x86)\Windows Kits\10\lib\10.0.22621.0\um\x86\ole32.lib:
      Searching C:\Program Files (x86)\Windows Kits\10\lib\10.0.22621.0\um\x86\oleaut32.lib:
      Searching C:\Program Files (x86)\Windows Kits\10\lib\10.0.22621.0\um\x86\uuid.lib:
      Searching C:\Program Files (x86)\Windows Kits\10\lib\10.0.22621.0\um\x86\odbc32.lib:
      Searching C:\Program Files (x86)\Windows Kits\10\lib\10.0.22621.0\um\x86\odbccp32.lib:
      Searching C:\Program Files\Microsoft Visual Studio\2022\Community\VC\Tools\MSVC\14.43.34808\lib\x86\msvcprt.lib:
      Searching C:\Program Files\Microsoft Visual Studio\2022\Community\VC\Tools\MSVC\14.43.34808\lib\x86\MSVCRT.lib:
      Searching C:\Program Files\Microsoft Visual Studio\2022\Community\VC\Tools\MSVC\14.43.34808\lib\x86\OLDNAMES.lib:
      Searching C:\Program Files\Microsoft Visual Studio\2022\Community\VC\Tools\MSVC\14.43.34808\lib\x86\vcruntime.lib:
      Searching C:\Program Files (x86)\Windows Kits\10\lib\10.0.22621.0\ucrt\x86\ucrt.lib:
  Finished searching libraries
  Searching libraries
      Searching R:\ENG_Breuer_Shared\agehrke\MATLAB\2025_optimusPIV\cameraControl\PhotronCameraCtrl\SDKConfirmTool\..\PDCLIB\Lib\32bit(x86)\PDCLIB.lib:
      Searching C:\Program Files (x86)\Windows Kits\10\lib\10.0.22621.0\um\x86\kernel32.lib:
      Searching C:\Program Files (x86)\Windows Kits\10\lib\10.0.22621.0\um\x86\user32.lib:
      Searching C:\Program Files (x86)\Windows Kits\10\lib\10.0.22621.0\um\x86\gdi32.lib:
      Searching C:\Program Files (x86)\Windows Kits\10\lib\10.0.22621.0\um\x86\winspool.lib:
      Searching C:\Program Files (x86)\Windows Kits\10\lib\10.0.22621.0\um\x86\comdlg32.lib:
      Searching C:\Program Files (x86)\Windows Kits\10\lib\10.0.22621.0\um\x86\advapi32.lib:
      Searching C:\Program Files (x86)\Windows Kits\10\lib\10.0.22621.0\um\x86\shell32.lib:
      Searching C:\Program Files (x86)\Windows Kits\10\lib\10.0.22621.0\um\x86\ole32.lib:
      Searching C:\Program Files (x86)\Windows Kits\10\lib\10.0.22621.0\um\x86\oleaut32.lib:
      Searching C:\Program Files (x86)\Windows Kits\10\lib\10.0.22621.0\um\x86\uuid.lib:
      Searching C:\Program Files (x86)\Windows Kits\10\lib\10.0.22621.0\um\x86\odbc32.lib:
      Searching C:\Program Files (x86)\Windows Kits\10\lib\10.0.22621.0\um\x86\odbccp32.lib:
      Searching C:\Program Files\Microsoft Visual Studio\2022\Community\VC\Tools\MSVC\14.43.34808\lib\x86\msvcprt.lib:
      Searching C:\Program Files\Microsoft Visual Studio\2022\Community\VC\Tools\MSVC\14.43.34808\lib\x86\MSVCRT.lib:
      Searching C:\Program Files\Microsoft Visual Studio\2022\Community\VC\Tools\MSVC\14.43.34808\lib\x86\OLDNAMES.lib:
      Searching C:\Program Files\Microsoft Visual Studio\2022\Community\VC\Tools\MSVC\14.43.34808\lib\x86\vcruntime.lib:
      Searching C:\Program Files (x86)\Windows Kits\10\lib\10.0.22621.0\ucrt\x86\ucrt.lib:
  Finished searching libraries
  Searching libraries
      Searching R:\ENG_Breuer_Shared\agehrke\MATLAB\2025_optimusPIV\cameraControl\PhotronCameraCtrl\SDKConfirmTool\..\PDCLIB\Lib\32bit(x86)\PDCLIB.lib:
      Searching C:\Program Files (x86)\Windows Kits\10\lib\10.0.22621.0\um\x86\kernel32.lib:
      Searching C:\Program Files (x86)\Windows Kits\10\lib\10.0.22621.0\um\x86\user32.lib:
      Searching C:\Program Files (x86)\Windows Kits\10\lib\10.0.22621.0\um\x86\gdi32.lib:
      Searching C:\Program Files (x86)\Windows Kits\10\lib\10.0.22621.0\um\x86\winspool.lib:
      Searching C:\Program Files (x86)\Windows Kits\10\lib\10.0.22621.0\um\x86\comdlg32.lib:
      Searching C:\Program Files (x86)\Windows Kits\10\lib\10.0.22621.0\um\x86\advapi32.lib:
      Searching C:\Program Files (x86)\Windows Kits\10\lib\10.0.22621.0\um\x86\shell32.lib:
      Searching C:\Program Files (x86)\Windows Kits\10\lib\10.0.22621.0\um\x86\ole32.lib:
      Searching C:\Program Files (x86)\Windows Kits\10\lib\10.0.22621.0\um\x86\oleaut32.lib:
      Searching C:\Program Files (x86)\Windows Kits\10\lib\10.0.22621.0\um\x86\uuid.lib:
      Searching C:\Program Files (x86)\Windows Kits\10\lib\10.0.22621.0\um\x86\odbc32.lib:
      Searching C:\Program Files (x86)\Windows Kits\10\lib\10.0.22621.0\um\x86\odbccp32.lib:
      Searching C:\Program Files\Microsoft Visual Studio\2022\Community\VC\Tools\MSVC\14.43.34808\lib\x86\msvcprt.lib:
      Searching C:\Program Files\Microsoft Visual Studio\2022\Community\VC\Tools\MSVC\14.43.34808\lib\x86\MSVCRT.lib:
      Searching C:\Program Files\Microsoft Visual Studio\2022\Community\VC\Tools\MSVC\14.43.34808\lib\x86\OLDNAMES.lib:
      Searching C:\Program Files\Microsoft Visual Studio\2022\Community\VC\Tools\MSVC\14.43.34808\lib\x86\vcruntime.lib:
      Searching C:\Program Files (x86)\Windows Kits\10\lib\10.0.22621.0\ucrt\x86\ucrt.lib:
  Finished searching libraries
  Generating code
  0 of 1986 functions ( 0.0%) were compiled, the rest were copied from previous compilation.
    0 functions were new in current compilation
    0 functions had inline decision re-evaluated but remain unchanged
  Finished generating code
  Searching libraries
      Searching R:\ENG_Breuer_Shared\agehrke\MATLAB\2025_optimusPIV\cameraControl\PhotronCameraCtrl\SDKConfirmTool\..\PDCLIB\Lib\32bit(x86)\PDCLIB.lib:
      Searching C:\Program Files (x86)\Windows Kits\10\lib\10.0.22621.0\um\x86\kernel32.lib:
      Searching C:\Program Files (x86)\Windows Kits\10\lib\10.0.22621.0\um\x86\user32.lib:
      Searching C:\Program Files (x86)\Windows Kits\10\lib\10.0.22621.0\um\x86\gdi32.lib:
      Searching C:\Program Files (x86)\Windows Kits\10\lib\10.0.22621.0\um\x86\winspool.lib:
      Searching C:\Program Files (x86)\Windows Kits\10\lib\10.0.22621.0\um\x86\comdlg32.lib:
      Searching C:\Program Files (x86)\Windows Kits\10\lib\10.0.22621.0\um\x86\advapi32.lib:
      Searching C:\Program Files (x86)\Windows Kits\10\lib\10.0.22621.0\um\x86\shell32.lib:
      Searching C:\Program Files (x86)\Windows Kits\10\lib\10.0.22621.0\um\x86\ole32.lib:
      Searching C:\Program Files (x86)\Windows Kits\10\lib\10.0.22621.0\um\x86\oleaut32.lib:
      Searching C:\Program Files (x86)\Windows Kits\10\lib\10.0.22621.0\um\x86\uuid.lib:
      Searching C:\Program Files (x86)\Windows Kits\10\lib\10.0.22621.0\um\x86\odbc32.lib:
      Searching C:\Program Files (x86)\Windows Kits\10\lib\10.0.22621.0\um\x86\odbccp32.lib:
      Searching C:\Program Files\Microsoft Visual Studio\2022\Community\VC\Tools\MSVC\14.43.34808\lib\x86\msvcprt.lib:
      Searching C:\Program Files\Microsoft Visual Studio\2022\Community\VC\Tools\MSVC\14.43.34808\lib\x86\MSVCRT.lib:
      Searching C:\Program Files\Microsoft Visual Studio\2022\Community\VC\Tools\MSVC\14.43.34808\lib\x86\OLDNAMES.lib:
      Searching C:\Program Files\Microsoft Visual Studio\2022\Community\VC\Tools\MSVC\14.43.34808\lib\x86\vcruntime.lib:
      Searching C:\Program Files (x86)\Windows Kits\10\lib\10.0.22621.0\ucrt\x86\ucrt.lib:
      Searching R:\ENG_Breuer_Shared\agehrke\MATLAB\2025_optimusPIV\cameraControl\PhotronCameraCtrl\SDKConfirmTool\..\PDCLIB\Lib\32bit(x86)\PDCLIB.lib:
      Searching C:\Program Files (x86)\Windows Kits\10\lib\10.0.22621.0\um\x86\kernel32.lib:
      Searching C:\Program Files (x86)\Windows Kits\10\lib\10.0.22621.0\um\x86\user32.lib:
      Searching C:\Program Files (x86)\Windows Kits\10\lib\10.0.22621.0\um\x86\gdi32.lib:
      Searching C:\Program Files (x86)\Windows Kits\10\lib\10.0.22621.0\um\x86\winspool.lib:
      Searching C:\Program Files (x86)\Windows Kits\10\lib\10.0.22621.0\um\x86\comdlg32.lib:
      Searching C:\Program Files (x86)\Windows Kits\10\lib\10.0.22621.0\um\x86\advapi32.lib:
      Searching C:\Program Files (x86)\Windows Kits\10\lib\10.0.22621.0\um\x86\shell32.lib:
      Searching C:\Program Files (x86)\Windows Kits\10\lib\10.0.22621.0\um\x86\ole32.lib:
      Searching C:\Program Files (x86)\Windows Kits\10\lib\10.0.22621.0\um\x86\oleaut32.lib:
      Searching C:\Program Files (x86)\Windows Kits\10\lib\10.0.22621.0\um\x86\uuid.lib:
      Searching C:\Program Files (x86)\Windows Kits\10\lib\10.0.22621.0\um\x86\odbc32.lib:
      Searching C:\Program Files (x86)\Windows Kits\10\lib\10.0.22621.0\um\x86\odbccp32.lib:
      Searching C:\Program Files\Microsoft Visual Studio\2022\Community\VC\Tools\MSVC\14.43.34808\lib\x86\msvcprt.lib:
      Searching C:\Program Files\Microsoft Visual Studio\2022\Community\VC\Tools\MSVC\14.43.34808\lib\x86\MSVCRT.lib:
      Searching C:\Program Files\Microsoft Visual Studio\2022\Community\VC\Tools\MSVC\14.43.34808\lib\x86\OLDNAMES.lib:
      Searching C:\Program Files\Microsoft Visual Studio\2022\Community\VC\Tools\MSVC\14.43.34808\lib\x86\vcruntime.lib:
  Finished searching libraries
  Searching libraries
      Searching R:\ENG_Breuer_Shared\agehrke\MATLAB\2025_optimusPIV\cameraControl\PhotronCameraCtrl\SDKConfirmTool\..\PDCLIB\Lib\32bit(x86)\PDCLIB.lib:
      Searching C:\Program Files (x86)\Windows Kits\10\lib\10.0.22621.0\um\x86\kernel32.lib:
      Searching C:\Program Files (x86)\Windows Kits\10\lib\10.0.22621.0\um\x86\user32.lib:
      Searching C:\Program Files (x86)\Windows Kits\10\lib\10.0.22621.0\um\x86\gdi32.lib:
      Searching C:\Program Files (x86)\Windows Kits\10\lib\10.0.22621.0\um\x86\winspool.lib:
      Searching C:\Program Files (x86)\Windows Kits\10\lib\10.0.22621.0\um\x86\comdlg32.lib:
      Searching C:\Program Files (x86)\Windows Kits\10\lib\10.0.22621.0\um\x86\advapi32.lib:
      Searching C:\Program Files (x86)\Windows Kits\10\lib\10.0.22621.0\um\x86\shell32.lib:
      Searching C:\Program Files (x86)\Windows Kits\10\lib\10.0.22621.0\um\x86\ole32.lib:
      Searching C:\Program Files (x86)\Windows Kits\10\lib\10.0.22621.0\um\x86\oleaut32.lib:
      Searching C:\Program Files (x86)\Windows Kits\10\lib\10.0.22621.0\um\x86\uuid.lib:
      Searching C:\Program Files (x86)\Windows Kits\10\lib\10.0.22621.0\um\x86\odbc32.lib:
      Searching C:\Program Files (x86)\Windows Kits\10\lib\10.0.22621.0\um\x86\odbccp32.lib:
      Searching C:\Program Files\Microsoft Visual Studio\2022\Community\VC\Tools\MSVC\14.43.34808\lib\x86\msvcprt.lib:
      Searching C:\Program Files\Microsoft Visual Studio\2022\Community\VC\Tools\MSVC\14.43.34808\lib\x86\MSVCRT.lib:
      Searching C:\Program Files\Microsoft Visual Studio\2022\Community\VC\Tools\MSVC\14.43.34808\lib\x86\OLDNAMES.lib:
      Searching C:\Program Files\Microsoft Visual Studio\2022\Community\VC\Tools\MSVC\14.43.34808\lib\x86\vcruntime.lib:
      Searching C:\Program Files (x86)\Windows Kits\10\lib\10.0.22621.0\ucrt\x86\ucrt.lib:
  Finished searching libraries
  Searching libraries
      Searching R:\ENG_Breuer_Shared\agehrke\MATLAB\2025_optimusPIV\cameraControl\PhotronCameraCtrl\SDKConfirmTool\..\PDCLIB\Lib\32bit(x86)\PDCLIB.lib:
      Searching C:\Program Files (x86)\Windows Kits\10\lib\10.0.22621.0\um\x86\kernel32.lib:
      Searching C:\Program Files (x86)\Windows Kits\10\lib\10.0.22621.0\um\x86\user32.lib:
      Searching C:\Program Files (x86)\Windows Kits\10\lib\10.0.22621.0\um\x86\gdi32.lib:
      Searching C:\Program Files (x86)\Windows Kits\10\lib\10.0.22621.0\um\x86\winspool.lib:
      Searching C:\Program Files (x86)\Windows Kits\10\lib\10.0.22621.0\um\x86\comdlg32.lib:
      Searching C:\Program Files (x86)\Windows Kits\10\lib\10.0.22621.0\um\x86\advapi32.lib:
      Searching C:\Program Files (x86)\Windows Kits\10\lib\10.0.22621.0\um\x86\shell32.lib:
      Searching C:\Program Files (x86)\Windows Kits\10\lib\10.0.22621.0\um\x86\ole32.lib:
      Searching C:\Program Files (x86)\Windows Kits\10\lib\10.0.22621.0\um\x86\oleaut32.lib:
      Searching C:\Program Files (x86)\Windows Kits\10\lib\10.0.22621.0\um\x86\uuid.lib:
      Searching C:\Program Files (x86)\Windows Kits\10\lib\10.0.22621.0\um\x86\odbc32.lib:
      Searching C:\Program Files (x86)\Windows Kits\10\lib\10.0.22621.0\um\x86\odbccp32.lib:
      Searching C:\Program Files\Microsoft Visual Studio\2022\Community\VC\Tools\MSVC\14.43.34808\lib\x86\msvcprt.lib:
      Searching C:\Program Files\Microsoft Visual Studio\2022\Community\VC\Tools\MSVC\14.43.34808\lib\x86\MSVCRT.lib:
      Searching C:\Program Files\Microsoft Visual Studio\2022\Community\VC\Tools\MSVC\14.43.34808\lib\x86\OLDNAMES.lib:
      Searching C:\Program Files\Microsoft Visual Studio\2022\Community\VC\Tools\MSVC\14.43.34808\lib\x86\vcruntime.lib:
      Searching C:\Program Files (x86)\Windows Kits\10\lib\10.0.22621.0\ucrt\x86\ucrt.lib:
  Finished searching libraries
  Searching libraries
      Searching R:\ENG_Breuer_Shared\agehrke\MATLAB\2025_optimusPIV\cameraControl\PhotronCameraCtrl\SDKConfirmTool\..\PDCLIB\Lib\32bit(x86)\PDCLIB.lib:
      Searching C:\Program Files (x86)\Windows Kits\10\lib\10.0.22621.0\um\x86\kernel32.lib:
      Searching C:\Program Files (x86)\Windows Kits\10\lib\10.0.22621.0\um\x86\user32.lib:
      Searching C:\Program Files (x86)\Windows Kits\10\lib\10.0.22621.0\um\x86\gdi32.lib:
      Searching C:\Program Files (x86)\Windows Kits\10\lib\10.0.22621.0\um\x86\winspool.lib:
      Searching C:\Program Files (x86)\Windows Kits\10\lib\10.0.22621.0\um\x86\comdlg32.lib:
      Searching C:\Program Files (x86)\Windows Kits\10\lib\10.0.22621.0\um\x86\advapi32.lib:
      Searching C:\Program Files (x86)\Windows Kits\10\lib\10.0.22621.0\um\x86\shell32.lib:
      Searching C:\Program Files (x86)\Windows Kits\10\lib\10.0.22621.0\um\x86\ole32.lib:
      Searching C:\Program Files (x86)\Windows Kits\10\lib\10.0.22621.0\um\x86\oleaut32.lib:
      Searching C:\Program Files (x86)\Windows Kits\10\lib\10.0.22621.0\um\x86\uuid.lib:
      Searching C:\Program Files (x86)\Windows Kits\10\lib\10.0.22621.0\um\x86\odbc32.lib:
      Searching C:\Program Files (x86)\Windows Kits\10\lib\10.0.22621.0\um\x86\odbccp32.lib:
      Searching C:\Program Files\Microsoft Visual Studio\2022\Community\VC\Tools\MSVC\14.43.34808\lib\x86\msvcprt.lib:
      Searching C:\Program Files\Microsoft Visual Studio\2022\Community\VC\Tools\MSVC\14.43.34808\lib\x86\MSVCRT.lib:
      Searching C:\Program Files\Microsoft Visual Studio\2022\Community\VC\Tools\MSVC\14.43.34808\lib\x86\OLDNAMES.lib:
      Searching C:\Program Files\Microsoft Visual Studio\2022\Community\VC\Tools\MSVC\14.43.34808\lib\x86\vcruntime.lib:
      Searching C:\Program Files (x86)\Windows Kits\10\lib\10.0.22621.0\ucrt\x86\ucrt.lib:
      Searching R:\ENG_Breuer_Shared\agehrke\MATLAB\2025_optimusPIV\cameraControl\PhotronCameraCtrl\SDKConfirmTool\..\PDCLIB\Lib\32bit(x86)\PDCLIB.lib:
      Searching C:\Program Files (x86)\Windows Kits\10\lib\10.0.22621.0\um\x86\kernel32.lib:
      Searching C:\Program Files (x86)\Windows Kits\10\lib\10.0.22621.0\um\x86\user32.lib:
      Searching C:\Program Files (x86)\Windows Kits\10\lib\10.0.22621.0\um\x86\gdi32.lib:
      Searching C:\Program Files (x86)\Windows Kits\10\lib\10.0.22621.0\um\x86\winspool.lib:
      Searching C:\Program Files (x86)\Windows Kits\10\lib\10.0.22621.0\um\x86\comdlg32.lib:
      Searching C:\Program Files (x86)\Windows Kits\10\lib\10.0.22621.0\um\x86\advapi32.lib:
      Searching C:\Program Files (x86)\Windows Kits\10\lib\10.0.22621.0\um\x86\shell32.lib:
      Searching C:\Program Files (x86)\Windows Kits\10\lib\10.0.22621.0\um\x86\ole32.lib:
      Searching C:\Program Files (x86)\Windows Kits\10\lib\10.0.22621.0\um\x86\oleaut32.lib:
      Searching C:\Program Files (x86)\Windows Kits\10\lib\10.0.22621.0\um\x86\uuid.lib:
      Searching C:\Program Files (x86)\Windows Kits\10\lib\10.0.22621.0\um\x86\odbc32.lib:
      Searching C:\Program Files (x86)\Windows Kits\10\lib\10.0.22621.0\um\x86\odbccp32.lib:
      Searching C:\Program Files\Microsoft Visual Studio\2022\Community\VC\Tools\MSVC\14.43.34808\lib\x86\msvcprt.lib:
  Finished searching libraries
  SDKConfirmTool.vcxproj -> R:\ENG_Breuer_Shared\agehrke\MATLAB\2025_optimusPIV\cameraControl\PhotronCameraCtrl\SDKConfirmTool\Release\SDKConfirmTool.exe
