  R:\ENG_Breuer_Shared\agehrke\MATLAB\2025_optimusPIV\cameraControl\PhotronCameraCtrl\SDKConfirmTool\..\PDCLIB\Dll\32bit(x86)\DAX.dll
  R:\ENG_Breuer_Shared\agehrke\MATLAB\2025_optimusPIV\cameraControl\PhotronCameraCtrl\SDKConfirmTool\..\PDCLIB\Dll\32bit(x86)\DAX100.dll
  R:\ENG_Breuer_Shared\agehrke\MATLAB\2025_optimusPIV\cameraControl\PhotronCameraCtrl\SDKConfirmTool\..\PDCLIB\Dll\32bit(x86)\DAX50.dll
  R:\ENG_Breuer_Shared\agehrke\MATLAB\2025_optimusPIV\cameraControl\PhotronCameraCtrl\SDKConfirmTool\..\PDCLIB\Dll\32bit(x86)\DCX.dll
  R:\ENG_Breuer_Shared\agehrke\MATLAB\2025_optimusPIV\cameraControl\PhotronCameraCtrl\SDKConfirmTool\..\PDCLIB\Dll\32bit(x86)\DHUB.dll
  R:\ENG_Breuer_Shared\agehrke\MATLAB\2025_optimusPIV\cameraControl\PhotronCameraCtrl\SDKConfirmTool\..\PDCLIB\Dll\32bit(x86)\DMC1.dll
  R:\ENG_Breuer_Shared\agehrke\MATLAB\2025_optimusPIV\cameraControl\PhotronCameraCtrl\SDKConfirmTool\..\PDCLIB\Dll\32bit(x86)\DMH4.dll
  R:\ENG_Breuer_Shared\agehrke\MATLAB\2025_optimusPIV\cameraControl\PhotronCameraCtrl\SDKConfirmTool\..\PDCLIB\Dll\32bit(x86)\DSA2.dll
  R:\ENG_Breuer_Shared\agehrke\MATLAB\2025_optimusPIV\cameraControl\PhotronCameraCtrl\SDKConfirmTool\..\PDCLIB\Dll\32bit(x86)\DSA3.dll
  R:\ENG_Breuer_Shared\agehrke\MATLAB\2025_optimusPIV\cameraControl\PhotronCameraCtrl\SDKConfirmTool\..\PDCLIB\Dll\32bit(x86)\DSA4.dll
  R:\ENG_Breuer_Shared\agehrke\MATLAB\2025_optimusPIV\cameraControl\PhotronCameraCtrl\SDKConfirmTool\..\PDCLIB\Dll\32bit(x86)\DSA5.dll
  R:\ENG_Breuer_Shared\agehrke\MATLAB\2025_optimusPIV\cameraControl\PhotronCameraCtrl\SDKConfirmTool\..\PDCLIB\Dll\32bit(x86)\DSA6.dll
  R:\ENG_Breuer_Shared\agehrke\MATLAB\2025_optimusPIV\cameraControl\PhotronCameraCtrl\SDKConfirmTool\..\PDCLIB\Dll\32bit(x86)\DSA7.dll
  R:\ENG_Breuer_Shared\agehrke\MATLAB\2025_optimusPIV\cameraControl\PhotronCameraCtrl\SDKConfirmTool\..\PDCLIB\Dll\32bit(x86)\DSA8.dll
  R:\ENG_Breuer_Shared\agehrke\MATLAB\2025_optimusPIV\cameraControl\PhotronCameraCtrl\SDKConfirmTool\..\PDCLIB\Dll\32bit(x86)\DSAX_B.dll
  R:\ENG_Breuer_Shared\agehrke\MATLAB\2025_optimusPIV\cameraControl\PhotronCameraCtrl\SDKConfirmTool\..\PDCLIB\Dll\32bit(x86)\DSAZ.dll
  R:\ENG_Breuer_Shared\agehrke\MATLAB\2025_optimusPIV\cameraControl\PhotronCameraCtrl\SDKConfirmTool\..\PDCLIB\Dll\32bit(x86)\DSA_1.dll
  R:\ENG_Breuer_Shared\agehrke\MATLAB\2025_optimusPIV\cameraControl\PhotronCameraCtrl\SDKConfirmTool\..\PDCLIB\Dll\32bit(x86)\DTX.dll
  R:\ENG_Breuer_Shared\agehrke\MATLAB\2025_optimusPIV\cameraControl\PhotronCameraCtrl\SDKConfirmTool\..\PDCLIB\Dll\32bit(x86)\DUX.dll
  R:\ENG_Breuer_Shared\agehrke\MATLAB\2025_optimusPIV\cameraControl\PhotronCameraCtrl\SDKConfirmTool\..\PDCLIB\Dll\32bit(x86)\DUX50.dll
  R:\ENG_Breuer_Shared\agehrke\MATLAB\2025_optimusPIV\cameraControl\PhotronCameraCtrl\SDKConfirmTool\..\PDCLIB\Dll\32bit(x86)\DWX.dll
  R:\ENG_Breuer_Shared\agehrke\MATLAB\2025_optimusPIV\cameraControl\PhotronCameraCtrl\SDKConfirmTool\..\PDCLIB\Dll\32bit(x86)\DWX50.dll
  R:\ENG_Breuer_Shared\agehrke\MATLAB\2025_optimusPIV\cameraControl\PhotronCameraCtrl\SDKConfirmTool\..\PDCLIB\Dll\32bit(x86)\FCFCTRL.dll
  R:\ENG_Breuer_Shared\agehrke\MATLAB\2025_optimusPIV\cameraControl\PhotronCameraCtrl\SDKConfirmTool\..\PDCLIB\Dll\32bit(x86)\FHSDLCTRL.dll
  R:\ENG_Breuer_Shared\agehrke\MATLAB\2025_optimusPIV\cameraControl\PhotronCameraCtrl\SDKConfirmTool\..\PDCLIB\Dll\32bit(x86)\FSDCTRL.dll
  R:\ENG_Breuer_Shared\agehrke\MATLAB\2025_optimusPIV\cameraControl\PhotronCameraCtrl\SDKConfirmTool\..\PDCLIB\Dll\32bit(x86)\GIGEV.dll
  R:\ENG_Breuer_Shared\agehrke\MATLAB\2025_optimusPIV\cameraControl\PhotronCameraCtrl\SDKConfirmTool\..\PDCLIB\Dll\32bit(x86)\IGETHER.dll
  R:\ENG_Breuer_Shared\agehrke\MATLAB\2025_optimusPIV\cameraControl\PhotronCameraCtrl\SDKConfirmTool\..\PDCLIB\Dll\32bit(x86)\IGIGEV.dll
  R:\ENG_Breuer_Shared\agehrke\MATLAB\2025_optimusPIV\cameraControl\PhotronCameraCtrl\SDKConfirmTool\..\PDCLIB\Dll\32bit(x86)\IUSB.dll
  R:\ENG_Breuer_Shared\agehrke\MATLAB\2025_optimusPIV\cameraControl\PhotronCameraCtrl\SDKConfirmTool\..\PDCLIB\Dll\32bit(x86)\LPDCLIB.dll
  R:\ENG_Breuer_Shared\agehrke\MATLAB\2025_optimusPIV\cameraControl\PhotronCameraCtrl\SDKConfirmTool\..\PDCLIB\Dll\32bit(x86)\PDCLIB.dll
  R:\ENG_Breuer_Shared\agehrke\MATLAB\2025_optimusPIV\cameraControl\PhotronCameraCtrl\SDKConfirmTool\..\PDCLIB\Dll\32bit(x86)\PICCLIB.dll
  R:\ENG_Breuer_Shared\agehrke\MATLAB\2025_optimusPIV\cameraControl\PhotronCameraCtrl\SDKConfirmTool\..\PDCLIB\Dll\32bit(x86)\PIULIB.dll
  R:\ENG_Breuer_Shared\agehrke\MATLAB\2025_optimusPIV\cameraControl\PhotronCameraCtrl\SDKConfirmTool\..\PDCLIB\Dll\32bit(x86)\SDKLight.dll
  34 File(s) copied
  SDKConfirmTool.cpp
R:\ENG_Breuer_Shared\agehrke\MATLAB\2025_optimusPIV\cameraControl\PhotronCameraCtrl\SDKConfirmTool\SDKConfirmTool\SDKConfirmTool.cpp(7,9): warning C4603: 'PDC_API': macro is not defined or definition is different after precompiled header use
  (compiling source file '/SDKConfirmTool.cpp')
      R:\ENG_Breuer_Shared\agehrke\MATLAB\2025_optimusPIV\cameraControl\PhotronCameraCtrl\SDKConfirmTool\SDKConfirmTool\SDKConfirmTool.cpp(7,9):
      Add macro to precompiled header instead of defining here
      R:\ENG_Breuer_Shared\agehrke\MATLAB\2025_optimusPIV\cameraControl\PhotronCameraCtrl\SDKConfirmTool\SDKConfirmTool\SDKConfirmTool.cpp(9,1):
      use of precompiled header
  
R:\ENG_Breuer_Shared\agehrke\MATLAB\2025_optimusPIV\cameraControl\PhotronCameraCtrl\PDCLIB\include\PDCSTR.h(114,25): warning C4121: '<unnamed-tag>': alignment of a member was sensitive to packing
  (compiling source file '/SDKConfirmTool.cpp')
  
R:\ENG_Breuer_Shared\agehrke\MATLAB\2025_optimusPIV\cameraControl\PhotronCameraCtrl\SDKConfirmTool\SDKConfirmTool\SDKConfirmTool.cpp(127,27): warning C4996: 'localtime': This function or variable may be unsafe. Consider using localtime_s instead. To disable deprecation, use _CRT_SECURE_NO_WARNINGS. See online help for details.
  (compiling source file '/SDKConfirmTool.cpp')
  
R:\ENG_Breuer_Shared\agehrke\MATLAB\2025_optimusPIV\cameraControl\PhotronCameraCtrl\SDKConfirmTool\SDKConfirmTool\SDKConfirmTool.cpp(133,28): warning C4996: 'std::codecvt_utf8_utf16<wchar_t,1114111,(std::codecvt_mode)0>': warning STL4017: std::wbuffer_convert, std::wstring_convert, and the <codecvt> header (containing std::codecvt_mode, std::codecvt_utf8, std::codecvt_utf16, and std::codecvt_utf8_utf16) are deprecated in C++17. (The std::codecvt class template is NOT deprecated.) The C++ Standard doesn't provide equivalent non-deprecated functionality; consider using MultiByteToWideChar() and WideCharToMultiByte() from <Windows.h> instead. You can define _SILENCE_CXX17_CODECVT_HEADER_DEPRECATION_WARNING or _SILENCE_ALL_CXX17_DEPRECATION_WARNINGS to suppress this warning.
  (compiling source file '/SDKConfirmTool.cpp')
      C:\Program Files\Microsoft Visual Studio\2022\Community\VC\Tools\MSVC\14.43.34808\include\codecvt(442,39):
      see declaration of 'std::codecvt_utf8_utf16'
  
R:\ENG_Breuer_Shared\agehrke\MATLAB\2025_optimusPIV\cameraControl\PhotronCameraCtrl\SDKConfirmTool\SDKConfirmTool\SDKConfirmTool.cpp(133,7): warning C4996: 'std::wstring_convert<std::codecvt_utf8_utf16<wchar_t,1114111,(std::codecvt_mode)0>,wchar_t,std::allocator<wchar_t>,std::allocator<char>>': warning STL4017: std::wbuffer_convert, std::wstring_convert, and the <codecvt> header (containing std::codecvt_mode, std::codecvt_utf8, std::codecvt_utf16, and std::codecvt_utf8_utf16) are deprecated in C++17. (The std::codecvt class template is NOT deprecated.) The C++ Standard doesn't provide equivalent non-deprecated functionality; consider using MultiByteToWideChar() and WideCharToMultiByte() from <Windows.h> instead. You can define _SILENCE_CXX17_CODECVT_HEADER_DEPRECATION_WARNING or _SILENCE_ALL_CXX17_DEPRECATION_WARNINGS to suppress this warning.
  (compiling source file '/SDKConfirmTool.cpp')
      C:\Program Files\Microsoft Visual Studio\2022\Community\VC\Tools\MSVC\14.43.34808\include\xlocbuf(303,39):
      see declaration of 'std::wstring_convert'
  
R:\ENG_Breuer_Shared\agehrke\MATLAB\2025_optimusPIV\cameraControl\PhotronCameraCtrl\SDKConfirmTool\SDKConfirmTool\SDKConfirmTool.cpp(133,57): warning C4996: 'std::wstring_convert<std::codecvt_utf8_utf16<wchar_t,1114111,(std::codecvt_mode)0>,wchar_t,std::allocator<wchar_t>,std::allocator<char>>::wstring_convert': warning STL4017: std::wbuffer_convert, std::wstring_convert, and the <codecvt> header (containing std::codecvt_mode, std::codecvt_utf8, std::codecvt_utf16, and std::codecvt_utf8_utf16) are deprecated in C++17. (The std::codecvt class template is NOT deprecated.) The C++ Standard doesn't provide equivalent non-deprecated functionality; consider using MultiByteToWideChar() and WideCharToMultiByte() from <Windows.h> instead. You can define _SILENCE_CXX17_CODECVT_HEADER_DEPRECATION_WARNING or _SILENCE_ALL_CXX17_DEPRECATION_WARNINGS to suppress this warning.
  (compiling source file '/SDKConfirmTool.cpp')
  
R:\ENG_Breuer_Shared\agehrke\MATLAB\2025_optimusPIV\cameraControl\PhotronCameraCtrl\SDKConfirmTool\SDKConfirmTool\SDKConfirmTool.cpp(134,19): warning C4996: 'std::wstring_convert<std::codecvt_utf8_utf16<wchar_t,1114111,(std::codecvt_mode)0>,wchar_t,std::allocator<wchar_t>,std::allocator<char>>::from_bytes': warning STL4017: std::wbuffer_convert, std::wstring_convert, and the <codecvt> header (containing std::codecvt_mode, std::codecvt_utf8, std::codecvt_utf16, and std::codecvt_utf8_utf16) are deprecated in C++17. (The std::codecvt class template is NOT deprecated.) The C++ Standard doesn't provide equivalent non-deprecated functionality; consider using MultiByteToWideChar() and WideCharToMultiByte() from <Windows.h> instead. You can define _SILENCE_CXX17_CODECVT_HEADER_DEPRECATION_WARNING or _SILENCE_ALL_CXX17_DEPRECATION_WARNINGS to suppress this warning.
  (compiling source file '/SDKConfirmTool.cpp')
  
R:\ENG_Breuer_Shared\agehrke\MATLAB\2025_optimusPIV\cameraControl\PhotronCameraCtrl\SDKConfirmTool\SDKConfirmTool\SDKConfirmTool.cpp(313,30): warning C4244: 'initializing': conversion from 'double' to 'unsigned long', possible loss of data
  (compiling source file '/SDKConfirmTool.cpp')
  
R:\ENG_Breuer_Shared\agehrke\MATLAB\2025_optimusPIV\cameraControl\PhotronCameraCtrl\SDKConfirmTool\SDKConfirmTool\SDKConfirmTool.cpp(407,56): warning C4018: '>': signed/unsigned mismatch
  (compiling source file '/SDKConfirmTool.cpp')
  
R:\ENG_Breuer_Shared\agehrke\MATLAB\2025_optimusPIV\cameraControl\PhotronCameraCtrl\SDKConfirmTool\SDKConfirmTool\SDKConfirmTool.cpp(451,2): warning C4996: 'sprintf': This function or variable may be unsafe. Consider using sprintf_s instead. To disable deprecation, use _CRT_SECURE_NO_WARNINGS. See online help for details.
  (compiling source file '/SDKConfirmTool.cpp')
  
R:\ENG_Breuer_Shared\agehrke\MATLAB\2025_optimusPIV\cameraControl\PhotronCameraCtrl\SDKConfirmTool\SDKConfirmTool\SDKConfirmTool.cpp(437,16): warning C4101: 'nStatus': unreferenced local variable
  (compiling source file '/SDKConfirmTool.cpp')
  
R:\ENG_Breuer_Shared\agehrke\MATLAB\2025_optimusPIV\cameraControl\PhotronCameraCtrl\SDKConfirmTool\SDKConfirmTool\SDKConfirmTool.cpp(644,16): warning C4189: 'nChildNo': local variable is initialized but not referenced
  (compiling source file '/SDKConfirmTool.cpp')
  
C:\Program Files\Microsoft Visual Studio\2022\Community\VC\Tools\MSVC\14.43.34808\include\xutility(4829,18): warning C4244: '=': conversion from 'wchar_t' to 'char', possible loss of data
  (compiling source file '/SDKConfirmTool.cpp')
      C:\Program Files\Microsoft Visual Studio\2022\Community\VC\Tools\MSVC\14.43.34808\include\xutility(4829,18):
      the template instantiation context (the oldest one first) is
          R:\ENG_Breuer_Shared\agehrke\MATLAB\2025_optimusPIV\cameraControl\PhotronCameraCtrl\SDKConfirmTool\SDKConfirmTool\SDKConfirmTool.cpp(150,25):
          see reference to function template instantiation 'std::basic_string<char,std::char_traits<char>,std::allocator<char>>::basic_string<std::_String_iterator<std::_String_val<std::_Simple_types<_Elem>>>,0>(_Iter,_Iter,const _Alloc &)' being compiled
          with
          [
              _Elem=wchar_t,
              _Iter=std::_String_iterator<std::_String_val<std::_Simple_types<wchar_t>>>,
              _Alloc=std::allocator<char>
          ]
              R:\ENG_Breuer_Shared\agehrke\MATLAB\2025_optimusPIV\cameraControl\PhotronCameraCtrl\SDKConfirmTool\SDKConfirmTool\SDKConfirmTool.cpp(150,25):
              see the first reference to 'std::basic_string<char,std::char_traits<char>,std::allocator<char>>::basic_string' in 'wmain'
          C:\Program Files\Microsoft Visual Studio\2022\Community\VC\Tools\MSVC\14.43.34808\include\xstring(788,17):
          see reference to function template instantiation 'void std::basic_string<char,std::char_traits<char>,std::allocator<char>>::_Construct_from_iter<wchar_t*,wchar_t*,_Size_type>(_Iter,const _Sent,_Size)' being compiled
          with
          [
              _Size_type=unsigned int,
              _Iter=wchar_t *,
              _Sent=wchar_t *,
              _Size=unsigned int
          ]
          C:\Program Files\Microsoft Visual Studio\2022\Community\VC\Tools\MSVC\14.43.34808\include\xstring(944,18):
          see reference to function template instantiation '_OutIt *std::_Copy_n_unchecked4<wchar_t*,_Size,char*>(_InIt,_SizeTy,_OutIt)' being compiled
          with
          [
              _OutIt=char *,
              _Size=unsigned int,
              _InIt=wchar_t *,
              _SizeTy=unsigned int
          ]
  
R:\ENG_Breuer_Shared\agehrke\MATLAB\2025_optimusPIV\cameraControl\PhotronCameraCtrl\SDKConfirmTool\SDKConfirmTool\SDKConfirmTool.cpp(602,13): warning C4505: 'SpliString': unreferenced function with internal linkage has been removed
  (compiling source file '/SDKConfirmTool.cpp')
  
R:\ENG_Breuer_Shared\agehrke\MATLAB\2025_optimusPIV\cameraControl\PhotronCameraCtrl\SDKConfirmTool\SDKConfirmTool\SDKConfirmTool.cpp(622,13): warning C4505: 'IsNumber': unreferenced function with internal linkage has been removed
  (compiling source file '/SDKConfirmTool.cpp')
  
LINK : warning LNK4044: unrecognized option '/LIST'; ignored
LINK : warning LNK4044: unrecognized option '/LIST'; ignored
SDKConfirmTool.obj : warning LNK4075: ignoring '/EDITANDCONTINUE' due to '/SAFESEH' specification
  SDKConfirmTool.vcxproj -> R:\ENG_Breuer_Shared\agehrke\MATLAB\2025_optimusPIV\cameraControl\PhotronCameraCtrl\SDKConfirmTool\Debug\SDKConfirmTool.exe
